This is pdfTeX, Version 3.141592653-2.6-1.40.25 (MiKTeX 24.1) (preloaded format=pdflatex 2024.6.13)  18 JUN 2024 15:32
entering extended mode
 restricted \write18 enabled.
 %&-line parsing enabled.
**./dokumentacja.tex
(dokumentacja.tex
LaTeX2e <2023-11-01> patch level 1
L3 programming layer <2024-01-04>
(D:\latex 2\tex/latex/base\article.cls
Document Class: article 2023/05/17 v1.4n Standard LaTeX document class
(D:\latex 2\tex/latex/base\size10.clo
File: size10.clo 2023/05/17 v1.4n Standard LaTeX file (size option)
)
\c@part=\count187
\c@section=\count188
\c@subsection=\count189
\c@subsubsection=\count190
\c@paragraph=\count191
\c@subparagraph=\count192
\c@figure=\count193
\c@table=\count194
\abovecaptionskip=\skip48
\belowcaptionskip=\skip49
\bibindent=\dimen140
) (D:\latex 2\tex/latex/tools\calc.sty
Package: calc 2023/07/08 v4.3 Infix arithmetic (KKT,FJ)
\calc@Acount=\count195
\calc@Bcount=\count196
\calc@Adimen=\dimen141
\calc@Bdimen=\dimen142
\calc@Askip=\skip50
\calc@Bskip=\skip51
LaTeX Info: Redefining \setlength on input line 80.
LaTeX Info: Redefining \addtolength on input line 81.
\calc@Ccount=\count197
\calc@Cskip=\skip52
)
(D:\latex 2\tex/latex/amsmath\amsmath.sty
Package: amsmath 2023/05/13 v2.17o AMS math features
\@mathmargin=\skip53

For additional information on amsmath, use the `?' option.
(D:\latex 2\tex/latex/amsmath\amstext.sty
Package: amstext 2021/08/26 v2.01 AMS text

(D:\latex 2\tex/latex/amsmath\amsgen.sty
File: amsgen.sty 1999/11/30 v2.0 generic functions
\@emptytoks=\toks17
\ex@=\dimen143
))
(D:\latex 2\tex/latex/amsmath\amsbsy.sty
Package: amsbsy 1999/11/29 v1.2d Bold Symbols
\pmbraise@=\dimen144
)
(D:\latex 2\tex/latex/amsmath\amsopn.sty
Package: amsopn 2022/04/08 v2.04 operator names
)
\inf@bad=\count198
LaTeX Info: Redefining \frac on input line 234.
\uproot@=\count199
\leftroot@=\count266
LaTeX Info: Redefining \overline on input line 399.
LaTeX Info: Redefining \colon on input line 410.
\classnum@=\count267
\DOTSCASE@=\count268
LaTeX Info: Redefining \ldots on input line 496.
LaTeX Info: Redefining \dots on input line 499.
LaTeX Info: Redefining \cdots on input line 620.
\Mathstrutbox@=\box51
\strutbox@=\box52
LaTeX Info: Redefining \big on input line 722.
LaTeX Info: Redefining \Big on input line 723.
LaTeX Info: Redefining \bigg on input line 724.
LaTeX Info: Redefining \Bigg on input line 725.
\big@size=\dimen145
LaTeX Font Info:    Redeclaring font encoding OML on input line 743.
LaTeX Font Info:    Redeclaring font encoding OMS on input line 744.
\macc@depth=\count269
LaTeX Info: Redefining \bmod on input line 905.
LaTeX Info: Redefining \pmod on input line 910.
LaTeX Info: Redefining \smash on input line 940.
LaTeX Info: Redefining \relbar on input line 970.
LaTeX Info: Redefining \Relbar on input line 971.
\c@MaxMatrixCols=\count270
\dotsspace@=\muskip16
\c@parentequation=\count271
\dspbrk@lvl=\count272
\tag@help=\toks18
\row@=\count273
\column@=\count274
\maxfields@=\count275
\andhelp@=\toks19
\eqnshift@=\dimen146
\alignsep@=\dimen147
\tagshift@=\dimen148
\tagwidth@=\dimen149
\totwidth@=\dimen150
\lineht@=\dimen151
\@envbody=\toks20
\multlinegap=\skip54
\multlinetaggap=\skip55
\mathdisplay@stack=\toks21
LaTeX Info: Redefining \[ on input line 2953.
LaTeX Info: Redefining \] on input line 2954.
)
(D:\latex 2\tex/latex/amsfonts\amssymb.sty
Package: amssymb 2013/01/14 v3.01 AMS font symbols

(D:\latex 2\tex/latex/amsfonts\amsfonts.sty
Package: amsfonts 2013/01/14 v3.01 Basic AMSFonts support
\symAMSa=\mathgroup4
\symAMSb=\mathgroup5
LaTeX Font Info:    Redeclaring math symbol \hbar on input line 98.
LaTeX Font Info:    Overwriting math alphabet `\mathfrak' in version `bold'
(Font)                  U/euf/m/n --> U/euf/b/n on input line 106.
))
(D:\latex 2\tex/latex/base\fontenc.sty
Package: fontenc 2021/04/29 v2.0v Standard LaTeX package

(D:\latex 2\tex/latex/cyrillic\t2aenc.def
File: t2aenc.def 2022/06/11 v1.0j Cyrillic encoding definition file
Now handling font encoding T2A ...
... processing UTF-8 mapping file for font encoding T2A
 (D:\latex 2\tex/latex/base\t2aenc.dfu
File: t2aenc.dfu 2022/06/07 v1.3c UTF-8 support
   defining Unicode char U+00A4 (decimal 164)
   defining Unicode char U+00A7 (decimal 167)
   defining Unicode char U+00AB (decimal 171)
   defining Unicode char U+00BB (decimal 187)
   defining Unicode char U+0131 (decimal 305)
   defining Unicode char U+0237 (decimal 567)
   defining Unicode char U+0400 (decimal 1024)
   defining Unicode char U+0401 (decimal 1025)
   defining Unicode char U+0402 (decimal 1026)
   defining Unicode char U+0403 (decimal 1027)
   defining Unicode char U+0404 (decimal 1028)
   defining Unicode char U+0405 (decimal 1029)
   defining Unicode char U+0406 (decimal 1030)
   defining Unicode char U+0407 (decimal 1031)
   defining Unicode char U+0408 (decimal 1032)
   defining Unicode char U+0409 (decimal 1033)
   defining Unicode char U+040A (decimal 1034)
   defining Unicode char U+040B (decimal 1035)
   defining Unicode char U+040C (decimal 1036)
   defining Unicode char U+040D (decimal 1037)
   defining Unicode char U+040E (decimal 1038)
   defining Unicode char U+040F (decimal 1039)
   defining Unicode char U+0410 (decimal 1040)
   defining Unicode char U+0411 (decimal 1041)
   defining Unicode char U+0412 (decimal 1042)
   defining Unicode char U+0413 (decimal 1043)
   defining Unicode char U+0414 (decimal 1044)
   defining Unicode char U+0415 (decimal 1045)
   defining Unicode char U+0416 (decimal 1046)
   defining Unicode char U+0417 (decimal 1047)
   defining Unicode char U+0418 (decimal 1048)
   defining Unicode char U+0419 (decimal 1049)
   defining Unicode char U+041A (decimal 1050)
   defining Unicode char U+041B (decimal 1051)
   defining Unicode char U+041C (decimal 1052)
   defining Unicode char U+041D (decimal 1053)
   defining Unicode char U+041E (decimal 1054)
   defining Unicode char U+041F (decimal 1055)
   defining Unicode char U+0420 (decimal 1056)
   defining Unicode char U+0421 (decimal 1057)
   defining Unicode char U+0422 (decimal 1058)
   defining Unicode char U+0423 (decimal 1059)
   defining Unicode char U+0424 (decimal 1060)
   defining Unicode char U+0425 (decimal 1061)
   defining Unicode char U+0426 (decimal 1062)
   defining Unicode char U+0427 (decimal 1063)
   defining Unicode char U+0428 (decimal 1064)
   defining Unicode char U+0429 (decimal 1065)
   defining Unicode char U+042A (decimal 1066)
   defining Unicode char U+042B (decimal 1067)
   defining Unicode char U+042C (decimal 1068)
   defining Unicode char U+042D (decimal 1069)
   defining Unicode char U+042E (decimal 1070)
   defining Unicode char U+042F (decimal 1071)
   defining Unicode char U+0430 (decimal 1072)
   defining Unicode char U+0431 (decimal 1073)
   defining Unicode char U+0432 (decimal 1074)
   defining Unicode char U+0433 (decimal 1075)
   defining Unicode char U+0434 (decimal 1076)
   defining Unicode char U+0435 (decimal 1077)
   defining Unicode char U+0436 (decimal 1078)
   defining Unicode char U+0437 (decimal 1079)
   defining Unicode char U+0438 (decimal 1080)
   defining Unicode char U+0439 (decimal 1081)
   defining Unicode char U+043A (decimal 1082)
   defining Unicode char U+043B (decimal 1083)
   defining Unicode char U+043C (decimal 1084)
   defining Unicode char U+043D (decimal 1085)
   defining Unicode char U+043E (decimal 1086)
   defining Unicode char U+043F (decimal 1087)
   defining Unicode char U+0440 (decimal 1088)
   defining Unicode char U+0441 (decimal 1089)
   defining Unicode char U+0442 (decimal 1090)
   defining Unicode char U+0443 (decimal 1091)
   defining Unicode char U+0444 (decimal 1092)
   defining Unicode char U+0445 (decimal 1093)
   defining Unicode char U+0446 (decimal 1094)
   defining Unicode char U+0447 (decimal 1095)
   defining Unicode char U+0448 (decimal 1096)
   defining Unicode char U+0449 (decimal 1097)
   defining Unicode char U+044A (decimal 1098)
   defining Unicode char U+044B (decimal 1099)
   defining Unicode char U+044C (decimal 1100)
   defining Unicode char U+044D (decimal 1101)
   defining Unicode char U+044E (decimal 1102)
   defining Unicode char U+044F (decimal 1103)
   defining Unicode char U+0450 (decimal 1104)
   defining Unicode char U+0451 (decimal 1105)
   defining Unicode char U+0452 (decimal 1106)
   defining Unicode char U+0453 (decimal 1107)
   defining Unicode char U+0454 (decimal 1108)
   defining Unicode char U+0455 (decimal 1109)
   defining Unicode char U+0456 (decimal 1110)
   defining Unicode char U+0457 (decimal 1111)
   defining Unicode char U+0458 (decimal 1112)
   defining Unicode char U+0459 (decimal 1113)
   defining Unicode char U+045A (decimal 1114)
   defining Unicode char U+045B (decimal 1115)
   defining Unicode char U+045C (decimal 1116)
   defining Unicode char U+045D (decimal 1117)
   defining Unicode char U+045E (decimal 1118)
   defining Unicode char U+045F (decimal 1119)
   defining Unicode char U+0490 (decimal 1168)
   defining Unicode char U+0491 (decimal 1169)
   defining Unicode char U+0492 (decimal 1170)
   defining Unicode char U+0493 (decimal 1171)
   defining Unicode char U+0496 (decimal 1174)
   defining Unicode char U+0497 (decimal 1175)
   defining Unicode char U+0498 (decimal 1176)
   defining Unicode char U+0499 (decimal 1177)
   defining Unicode char U+049A (decimal 1178)
   defining Unicode char U+049B (decimal 1179)
   defining Unicode char U+049C (decimal 1180)
   defining Unicode char U+049D (decimal 1181)
   defining Unicode char U+04A0 (decimal 1184)
   defining Unicode char U+04A1 (decimal 1185)
   defining Unicode char U+04A2 (decimal 1186)
   defining Unicode char U+04A3 (decimal 1187)
   defining Unicode char U+04A4 (decimal 1188)
   defining Unicode char U+04A5 (decimal 1189)
   defining Unicode char U+04AA (decimal 1194)
   defining Unicode char U+04AB (decimal 1195)
   defining Unicode char U+04AE (decimal 1198)
   defining Unicode char U+04AF (decimal 1199)
   defining Unicode char U+04B0 (decimal 1200)
   defining Unicode char U+04B1 (decimal 1201)
   defining Unicode char U+04B2 (decimal 1202)
   defining Unicode char U+04B3 (decimal 1203)
   defining Unicode char U+04B6 (decimal 1206)
   defining Unicode char U+04B7 (decimal 1207)
   defining Unicode char U+04B8 (decimal 1208)
   defining Unicode char U+04B9 (decimal 1209)
   defining Unicode char U+04BA (decimal 1210)
   defining Unicode char U+04BB (decimal 1211)
   defining Unicode char U+04C0 (decimal 1216)
   defining Unicode char U+04C1 (decimal 1217)
   defining Unicode char U+04C2 (decimal 1218)
   defining Unicode char U+04D0 (decimal 1232)
   defining Unicode char U+04D1 (decimal 1233)
   defining Unicode char U+04D2 (decimal 1234)
   defining Unicode char U+04D3 (decimal 1235)
   defining Unicode char U+04D4 (decimal 1236)
   defining Unicode char U+04D5 (decimal 1237)
   defining Unicode char U+04D6 (decimal 1238)
   defining Unicode char U+04D7 (decimal 1239)
   defining Unicode char U+04D8 (decimal 1240)
   defining Unicode char U+04D9 (decimal 1241)
   defining Unicode char U+04DA (decimal 1242)
   defining Unicode char U+04DB (decimal 1243)
   defining Unicode char U+04DC (decimal 1244)
   defining Unicode char U+04DD (decimal 1245)
   defining Unicode char U+04DE (decimal 1246)
   defining Unicode char U+04DF (decimal 1247)
   defining Unicode char U+04E2 (decimal 1250)
   defining Unicode char U+04E3 (decimal 1251)
   defining Unicode char U+04E4 (decimal 1252)
   defining Unicode char U+04E5 (decimal 1253)
   defining Unicode char U+04E6 (decimal 1254)
   defining Unicode char U+04E7 (decimal 1255)
   defining Unicode char U+04E8 (decimal 1256)
   defining Unicode char U+04E9 (decimal 1257)
   defining Unicode char U+04EC (decimal 1260)
   defining Unicode char U+04ED (decimal 1261)
   defining Unicode char U+04EE (decimal 1262)
   defining Unicode char U+04EF (decimal 1263)
   defining Unicode char U+04F0 (decimal 1264)
   defining Unicode char U+04F1 (decimal 1265)
   defining Unicode char U+04F2 (decimal 1266)
   defining Unicode char U+04F3 (decimal 1267)
   defining Unicode char U+04F4 (decimal 1268)
   defining Unicode char U+04F5 (decimal 1269)
   defining Unicode char U+04F8 (decimal 1272)
   defining Unicode char U+04F9 (decimal 1273)
   defining Unicode char U+200C (decimal 8204)
   defining Unicode char U+2013 (decimal 8211)
   defining Unicode char U+2014 (decimal 8212)
   defining Unicode char U+2018 (decimal 8216)
   defining Unicode char U+2019 (decimal 8217)
   defining Unicode char U+201C (decimal 8220)
   defining Unicode char U+201D (decimal 8221)
   defining Unicode char U+201E (decimal 8222)
   defining Unicode char U+2030 (decimal 8240)
   defining Unicode char U+2031 (decimal 8241)
   defining Unicode char U+2116 (decimal 8470)
   defining Unicode char U+2329 (decimal 9001)
   defining Unicode char U+3008 (decimal 12296)
   defining Unicode char U+232A (decimal 9002)
   defining Unicode char U+3009 (decimal 12297)
   defining Unicode char U+2423 (decimal 9251)
   defining Unicode char U+27E8 (decimal 10216)
   defining Unicode char U+27E9 (decimal 10217)
   defining Unicode char U+FB00 (decimal 64256)
   defining Unicode char U+FB01 (decimal 64257)
   defining Unicode char U+FB02 (decimal 64258)
   defining Unicode char U+FB03 (decimal 64259)
   defining Unicode char U+FB04 (decimal 64260)
   defining Unicode char U+FB05 (decimal 64261)
   defining Unicode char U+FB06 (decimal 64262)
))) (D:\latex 2\tex/generic/babel\babel.sty
Package: babel 2024/01/07 v24.1 The Babel package
\babel@savecnt=\count276
\U@D=\dimen152
\l@unhyphenated=\language79

(D:\latex 2\tex/generic/babel\txtbabel.def)
\bbl@readstream=\read2
\bbl@dirlevel=\count277

*************************************
* Local config file bblopts.cfg used
*
(D:\latex 2\tex/latex/arabi\bblopts.cfg
File: bblopts.cfg 2005/09/08 v0.1 add Arabic and Farsi to "declared" options of
 babel
)
(D:\latex 2\tex/latex/babel-english\english.ldf
Language: english 2017/06/06 v3.3r English support from the babel system
Package babel Info: Hyphen rules for 'canadian' set to \l@english
(babel)             (\language0). Reported on input line 102.
Package babel Info: Hyphen rules for 'australian' set to \l@ukenglish
(babel)             (\language73). Reported on input line 105.
Package babel Info: Hyphen rules for 'newzealand' set to \l@ukenglish
(babel)             (\language73). Reported on input line 108.
)
(D:\latex 2\tex/latex/babel-polish\polish.ldf
Language: polish 2022/03/12 1.3 Babel support for Polish
Package babel Info: Making " an active character on input line 101.
)
(D:\latex 2\tex/latex/babel-russian\russianb.ldf
File: russianb.ldf 2021/01/10 1.3m Russian support for the Babel system
Language: russian 2020/09/09 1.3k Russian support for the Babel system
Package babel Info: Default for \cyrdash is provided on input line 163.
))
(D:\latex 2\tex/generic/babel/locale/ru\babel-russian.tex
Package babel Info: Importing font and identification data for russian
(babel)             from babel-ru.ini. Reported on input line 11.
)
(D:\latex 2\tex/generic/babel/locale/pl\babel-polish.tex
Package babel Info: Importing font and identification data for polish
(babel)             from babel-pl.ini. Reported on input line 11.
)
(D:\latex 2\tex/generic/babel/locale/en\babel-english.tex
Package babel Info: Importing font and identification data for english
(babel)             from babel-en.ini. Reported on input line 11.
)
(D:\latex 2\tex/latex/xcolor\xcolor.sty
Package: xcolor 2023/11/15 v3.01 LaTeX color extensions (UK)

(D:\latex 2\tex/latex/graphics-cfg\color.cfg
File: color.cfg 2016/01/02 v1.6 sample color configuration
)
Package xcolor Info: Driver file: pdftex.def on input line 274.

(D:\latex 2\tex/latex/graphics-def\pdftex.def
File: pdftex.def 2022/09/22 v1.2b Graphics/color driver for pdftex
)
(D:\latex 2\tex/latex/graphics\mathcolor.ltx)
Package xcolor Info: Model `cmy' substituted by `cmy0' on input line 1350.
Package xcolor Info: Model `hsb' substituted by `rgb' on input line 1354.
Package xcolor Info: Model `RGB' extended on input line 1366.
Package xcolor Info: Model `HTML' substituted by `rgb' on input line 1368.
Package xcolor Info: Model `Hsb' substituted by `hsb' on input line 1369.
Package xcolor Info: Model `tHsb' substituted by `hsb' on input line 1370.
Package xcolor Info: Model `HSB' substituted by `hsb' on input line 1371.
Package xcolor Info: Model `Gray' substituted by `gray' on input line 1372.
Package xcolor Info: Model `wave' substituted by `hsb' on input line 1373.
)
(D:\latex 2\tex/latex/longfbox\longfbox.sty
Package: longfbox 2015/12/01, Daan Leijen, Provides long fbox that can break ov
er pages

(D:\latex 2\tex/latex/options\options.sty
Package: options 2015/03/01, Daan Leijen, Provides convenient path-value (or ke
y-value) options

(D:\latex 2\tex/latex/etoolbox\etoolbox.sty
Package: etoolbox 2020/10/05 v2.5k e-TeX tools for LaTeX (JAW)
\etb@tempcnta=\count278
)
\opt@nesting=\count279
\opt@idx=\count280
\opt@choiceord=\count281
)
(D:\latex 2\tex/latex/longfbox\longbox.sty
Package: longbox 2015/12/01, Daan Leijen, Provides basic longbox that can break
 over pages

(D:\latex 2\tex/latex/mdwtools\footnote.sty
Package: footnote 1997/01/28 1.13 Save footnotes around boxes
\fn@notes=\box53
\fn@width=\dimen153
)
\lb@prevdepth=\skip56
\lb@freevspace=\skip57
\lb@headbox=\box54
\lb@savebox=\box55
\lb@mainbox=\box56
\lb@usevbox=\count282
\lb@width=\skip58
\lb@height=\skip59
\lb@skiptop=\skip60
\lb@skipright=\skip61
\lb@skipbottom=\skip62
\lb@skipleft=\skip63
\lb@skipbreaktop=\skip64
\lb@skipbreakbottom=\skip65
\lb@outerwidth=\skip66
\lb@extrasplit=\skip67
\lb@textalign=\count283
\lb@baseline=\count284
\lb@neededvspace=\skip68
\lb@splitheight=\skip69
\lb@insurance=\skip70
\/longbox/@part-height=\skip71
\/longbox/@part-width=\skip72
\/longbox/@part-depth=\skip73
\/longbox/@content-box-height=\skip74
\/longbox/@content-box-width=\skip75
\/longbox/@content-box-depth=\skip76
\/longbox/@breakat-previous=\skip77
\/longbox/@lower=\skip78
\/longbox/split-minimum=\skip79
\/longbox/split-badness=\skip80
\/longbox/raise=\skip81
\/longbox/height=\skip82
\/longbox/width=\skip83
\/longbox/outer-height=\skip84
\/longbox/outer-width=\skip85
\/longbox/skip-top=\skip86
\/longbox/skip-right=\skip87
\/longbox/skip-bottom=\skip88
\/longbox/skip-left=\skip89
\/longbox/skip-break-bottom=\skip90
\/longbox/skip-break-top=\skip91
)
(D:\latex 2\tex/latex/pict2e\pict2e.sty
Package: pict2e 2020/09/30 v0.4b Improved picture commands (HjG,RN,JT)
 (D:\latex 2\tex/latex/pict2e\pict2e.cfg
File: pict2e.cfg 2016/02/05 v0.1u pict2e configuration for teTeX/TeXLive
)
Package pict2e Info: Driver file: pdftex.def on input line 112.
Package pict2e Info: Driver file for pict2e: p2e-pdftex.def on input line 114.
 (D:\latex 2\tex/latex/pict2e\p2e-pdftex.def
File: p2e-pdftex.def 2016/02/05 v0.1u Driver-dependant file (RN,HjG,JT)
)
(D:\latex 2\tex/latex/graphics\trig.sty
Package: trig 2021/08/11 v1.11 sin cos tan (DPC)
)
\pIIe@GRAPH=\toks22
\@arclen=\dimen154
\@arcrad=\dimen155
\pIIe@tempdima=\dimen156
\pIIe@tempdimb=\dimen157
\pIIe@tempdimc=\dimen158
\pIIe@tempdimd=\dimen159
\pIIe@tempdime=\dimen160
\pIIe@tempdimf=\dimen161
)
(D:\latex 2\tex/latex/ellipse\ellipse.sty
Package: ellipse 2004/11/05 v1.0 .dtx ellipse file
)
\fbox@oct=\count285
\fbox@quad=\count286
\fbox@diaq=\count287
\fbox@sign=\count288
\fbox@anglestart=\skip92
\fbox@angleend=\skip93
\fbox@dash=\skip94
\fbox@dashskip=\skip95
\fbox@anglecur=\skip96
\fbox@dashangle=\skip97
\fbox@dashskipangle=\skip98
\fbox@delta=\skip99
\fbox@from=\skip100
\fbox@to=\skip101
\/fbox/padding-top=\skip102
\/fbox/padding-right=\skip103
\/fbox/padding-bottom=\skip104
\/fbox/padding-left=\skip105
\/fbox/padding-break-top=\skip106
\/fbox/padding-break-bottom=\skip107
\/fbox/margin-top=\skip108
\/fbox/margin-right=\skip109
\/fbox/margin-bottom=\skip110
\/fbox/margin-left=\skip111
\/fbox/margin-break-top=\skip112
\/fbox/margin-break-bottom=\skip113
\/fbox/border-top-width=\skip114
\/fbox/border-right-width=\skip115
\/fbox/border-bottom-width=\skip116
\/fbox/border-left-width=\skip117
\/fbox/border-break-top-width=\skip118
\/fbox/border-break-bottom-width=\skip119
\/fbox/@lower=\skip120
\/fbox/@padding-box-height=\skip121
\/fbox/@padding-box-depth=\skip122
\/fbox/@padding-box-width=\skip123
\/fbox/@border-box-width=\skip124
\/fbox/@border-box-height=\skip125
\/fbox/@border-box-depth=\skip126
\/fbox/@border-top-left-radius-x=\skip127
\/fbox/@border-top-right-radius-x=\skip128
\/fbox/@border-bottom-left-radius-x=\skip129
\/fbox/@border-bottom-right-radius-x=\skip130
\/fbox/@border-top-left-radius-y=\skip131
\/fbox/@border-top-right-radius-y=\skip132
\/fbox/@border-bottom-left-radius-y=\skip133
\/fbox/@border-bottom-right-radius-y=\skip134
\/fbox/@border-top-left-ix=\skip135
\/fbox/@border-top-left-iy=\skip136
\/fbox/@border-top-right-ix=\skip137
\/fbox/@border-top-right-iy=\skip138
\/fbox/@border-bottom-left-ix=\skip139
\/fbox/@border-bottom-left-iy=\skip140
\/fbox/@border-bottom-right-ix=\skip141
\/fbox/@border-bottom-right-iy=\skip142
\/fbox/@border-top-left-phi=\skip143
\/fbox/@border-top-right-phi=\skip144
\/fbox/@border-bottom-left-phi=\skip145
\/fbox/@border-bottom-right-phi=\skip146
)
(D:\latex 2\tex/latex/fancyhdr\fancyhdr.sty
Package: fancyhdr 2024/04/23 v4.2 Extensive control of page headers and footers

\f@nch@headwidth=\skip147
\f@nch@O@elh=\skip148
\f@nch@O@erh=\skip149
\f@nch@O@olh=\skip150
\f@nch@O@orh=\skip151
\f@nch@O@elf=\skip152
\f@nch@O@erf=\skip153
\f@nch@O@olf=\skip154
\f@nch@O@orf=\skip155
)
(D:\latex 2\tex/latex/geometry\geometry.sty
Package: geometry 2020/01/02 v5.9 Page Geometry

(D:\latex 2\tex/latex/graphics\keyval.sty
Package: keyval 2022/05/29 v1.15 key=value parser (DPC)
\KV@toks@=\toks23
)
(D:\latex 2\tex/generic/iftex\ifvtex.sty
Package: ifvtex 2019/10/25 v1.7 ifvtex legacy package. Use iftex instead.

(D:\latex 2\tex/generic/iftex\iftex.sty
Package: iftex 2022/02/03 v1.0f TeX engine tests
))
\Gm@cnth=\count289
\Gm@cntv=\count290
\c@Gm@tempcnt=\count291
\Gm@bindingoffset=\dimen162
\Gm@wd@mp=\dimen163
\Gm@odd@mp=\dimen164
\Gm@even@mp=\dimen165
\Gm@layoutwidth=\dimen166
\Gm@layoutheight=\dimen167
\Gm@layouthoffset=\dimen168
\Gm@layoutvoffset=\dimen169
\Gm@dimlist=\toks24

(D:\latex 2\tex/latex/geometry\geometry.cfg))
(D:\latex 2\tex/latex/enumitem\enumitem.sty
Package: enumitem 2019/06/20 v3.9 Customized lists
\labelindent=\skip156
\enit@outerparindent=\dimen170
\enit@toks=\toks25
\enit@inbox=\box57
\enit@count@id=\count292
\enitdp@description=\count293
)
(D:\latex 2\tex/latex/hyperref\hyperref.sty
Package: hyperref 2023-11-26 v7.01g Hypertext links for LaTeX

(D:\latex 2\tex/generic/infwarerr\infwarerr.sty
Package: infwarerr 2019/12/03 v1.5 Providing info/warning/error messages (HO)
)
(D:\latex 2\tex/latex/kvsetkeys\kvsetkeys.sty
Package: kvsetkeys 2022-10-05 v1.19 Key value parser (HO)
)
(D:\latex 2\tex/generic/kvdefinekeys\kvdefinekeys.sty
Package: kvdefinekeys 2019-12-19 v1.6 Define keys (HO)
)
(D:\latex 2\tex/generic/pdfescape\pdfescape.sty
Package: pdfescape 2019/12/09 v1.15 Implements pdfTeX's escape features (HO)

(D:\latex 2\tex/generic/ltxcmds\ltxcmds.sty
Package: ltxcmds 2023-12-04 v1.26 LaTeX kernel commands for general use (HO)
)
(D:\latex 2\tex/generic/pdftexcmds\pdftexcmds.sty
Package: pdftexcmds 2020-06-27 v0.33 Utility functions of pdfTeX for LuaTeX (HO
)
Package pdftexcmds Info: \pdf@primitive is available.
Package pdftexcmds Info: \pdf@ifprimitive is available.
Package pdftexcmds Info: \pdfdraftmode found.
))
(D:\latex 2\tex/latex/hycolor\hycolor.sty
Package: hycolor 2020-01-27 v1.10 Color options for hyperref/bookmark (HO)
)
(D:\latex 2\tex/latex/letltxmacro\letltxmacro.sty
Package: letltxmacro 2019/12/03 v1.6 Let assignment for LaTeX macros (HO)
)
(D:\latex 2\tex/latex/auxhook\auxhook.sty
Package: auxhook 2019-12-17 v1.6 Hooks for auxiliary files (HO)
)
(D:\latex 2\tex/latex/hyperref\nameref.sty
Package: nameref 2023-11-26 v2.56 Cross-referencing by name of section

(D:\latex 2\tex/latex/refcount\refcount.sty
Package: refcount 2019/12/15 v3.6 Data extraction from label references (HO)
)
(D:\latex 2\tex/generic/gettitlestring\gettitlestring.sty
Package: gettitlestring 2019/12/15 v1.6 Cleanup title references (HO)

(D:\latex 2\tex/latex/kvoptions\kvoptions.sty
Package: kvoptions 2022-06-15 v3.15 Key value format for package options (HO)
))
\c@section@level=\count294
)
\@linkdim=\dimen171
\Hy@linkcounter=\count295
\Hy@pagecounter=\count296

(D:\latex 2\tex/latex/hyperref\pd1enc.def
File: pd1enc.def 2023-11-26 v7.01g Hyperref: PDFDocEncoding definition (HO)
Now handling font encoding PD1 ...
... no UTF-8 mapping file for font encoding PD1
)
(D:\latex 2\tex/generic/intcalc\intcalc.sty
Package: intcalc 2019/12/15 v1.3 Expandable calculations with integers (HO)
)
\Hy@SavedSpaceFactor=\count297

(D:\latex 2\tex/latex/hyperref\puenc.def
File: puenc.def 2023-11-26 v7.01g Hyperref: PDF Unicode definition (HO)
Now handling font encoding PU ...
... no UTF-8 mapping file for font encoding PU
)
Package hyperref Info: Option `unicode' set `true' on input line 3167.
Package hyperref Info: Hyper figures OFF on input line 4181.
Package hyperref Info: Link nesting OFF on input line 4186.
Package hyperref Info: Hyper index ON on input line 4189.
Package hyperref Info: Plain pages OFF on input line 4196.
Package hyperref Info: Backreferencing OFF on input line 4201.
Package hyperref Info: Implicit mode ON; LaTeX internals redefined.
Package hyperref Info: Bookmarks ON on input line 4448.
\c@Hy@tempcnt=\count298
 (D:\latex 2\tex/latex/url\url.sty
\Urlmuskip=\muskip17
Package: url 2013/09/16  ver 3.4  Verb mode for urls, etc.
)
LaTeX Info: Redefining \url on input line 4786.
\XeTeXLinkMargin=\dimen172

(D:\latex 2\tex/generic/bitset\bitset.sty
Package: bitset 2019/12/09 v1.3 Handle bit-vector datatype (HO)

(D:\latex 2\tex/generic/bigintcalc\bigintcalc.sty
Package: bigintcalc 2019/12/15 v1.5 Expandable calculations on big integers (HO
)
))
\Fld@menulength=\count299
\Field@Width=\dimen173
\Fld@charsize=\dimen174
Package hyperref Info: Hyper figures OFF on input line 6065.
Package hyperref Info: Link nesting OFF on input line 6070.
Package hyperref Info: Hyper index ON on input line 6073.
Package hyperref Info: backreferencing OFF on input line 6080.
Package hyperref Info: Link coloring OFF on input line 6085.
Package hyperref Info: Link coloring with OCG OFF on input line 6090.
Package hyperref Info: PDF/A mode OFF on input line 6095.

(D:\latex 2\tex/latex/base\atbegshi-ltx.sty
Package: atbegshi-ltx 2021/01/10 v1.0c Emulation of the original atbegshi
package with kernel methods
)
\Hy@abspage=\count300
\c@Item=\count301
\c@Hfootnote=\count302
)
Package hyperref Info: Driver (autodetected): hpdftex.

(D:\latex 2\tex/latex/hyperref\hpdftex.def
File: hpdftex.def 2023-11-26 v7.01g Hyperref driver for pdfTeX

(D:\latex 2\tex/latex/base\atveryend-ltx.sty
Package: atveryend-ltx 2020/08/19 v1.0a Emulation of the original atveryend pac
kage
with kernel methods
)
\Fld@listcount=\count303
\c@bookmark@seq@number=\count304

(D:\latex 2\tex/latex/rerunfilecheck\rerunfilecheck.sty
Package: rerunfilecheck 2022-07-10 v1.10 Rerun checks for auxiliary files (HO)

(D:\latex 2\tex/generic/uniquecounter\uniquecounter.sty
Package: uniquecounter 2019/12/15 v1.4 Provide unlimited unique counter (HO)
)
Package uniquecounter Info: New unique counter `rerunfilecheck' on input line 2
85.
)
\Hy@SectionHShift=\skip157
)
Package hyperref Info: Option `colorlinks' set `true' on input line 9.

(D:\latex 2\tex/latex/graphics\graphicx.sty
Package: graphicx 2021/09/16 v1.2d Enhanced LaTeX Graphics (DPC,SPQR)

(D:\latex 2\tex/latex/graphics\graphics.sty
Package: graphics 2022/03/10 v1.4e Standard LaTeX Graphics (DPC,SPQR)

(D:\latex 2\tex/latex/graphics-cfg\graphics.cfg
File: graphics.cfg 2016/06/04 v1.11 sample graphics configuration
)
Package graphics Info: Driver file: pdftex.def on input line 107.
)
\Gin@req@height=\dimen175
\Gin@req@width=\dimen176
)
\@tempdimd=\dimen177

(D:\latex 2\tex/latex/l3backend\l3backend-pdftex.def
File: l3backend-pdftex.def 2024-01-04 L3 backend support: PDF output (pdfTeX)
\l__color_backend_stack_int=\count305
\l__pdf_internal_box=\box58
) (dokumentacja.aux
LaTeX Font Info:    Trying to load font information for T2A+cmr on input line 8
.

(D:\latex 2\tex/latex/cyrillic\t2acmr.fd
File: t2acmr.fd 2001/08/11 v1.0a Computer Modern Cyrillic font definitions
))
\openout1 = `dokumentacja.aux'.

LaTeX Font Info:    Checking defaults for OML/cmm/m/it on input line 48.
LaTeX Font Info:    ... okay on input line 48.
LaTeX Font Info:    Checking defaults for OMS/cmsy/m/n on input line 48.
LaTeX Font Info:    ... okay on input line 48.
LaTeX Font Info:    Checking defaults for OT1/cmr/m/n on input line 48.
LaTeX Font Info:    ... okay on input line 48.
LaTeX Font Info:    Checking defaults for T1/cmr/m/n on input line 48.
LaTeX Font Info:    ... okay on input line 48.
LaTeX Font Info:    Checking defaults for TS1/cmr/m/n on input line 48.
LaTeX Font Info:    ... okay on input line 48.
LaTeX Font Info:    Checking defaults for OMX/cmex/m/n on input line 48.
LaTeX Font Info:    ... okay on input line 48.
LaTeX Font Info:    Checking defaults for U/cmr/m/n on input line 48.
LaTeX Font Info:    ... okay on input line 48.
LaTeX Font Info:    Checking defaults for T2A/cmr/m/n on input line 48.
LaTeX Font Info:    ... okay on input line 48.
LaTeX Font Info:    Checking defaults for PD1/pdf/m/n on input line 48.
LaTeX Font Info:    ... okay on input line 48.
LaTeX Font Info:    Checking defaults for PU/pdf/m/n on input line 48.
LaTeX Font Info:    ... okay on input line 48.
LaTeX Info: Redefining \th on input line 48.

(D:\latex 2\tex/context/base/mkii\supp-pdf.mkii
[Loading MPS to PDF converter (version 2006.09.02).]
\scratchcounter=\count306
\scratchdimen=\dimen178
\scratchbox=\box59
\nofMPsegments=\count307
\nofMParguments=\count308
\everyMPshowfont=\toks26
\MPscratchCnt=\count309
\MPscratchDim=\dimen179
\MPnumerator=\count310
\makeMPintoPDFobject=\count311
\everyMPtoPDFconversion=\toks27
) (D:\latex 2\tex/latex/epstopdf-pkg\epstopdf-base.sty
Package: epstopdf-base 2020-01-24 v2.11 Base part for package epstopdf

(D:\latex 2\tex/latex/grfext\grfext.sty
Package: grfext 2019/12/03 v1.3 Manage graphics extensions (HO)
)
Package epstopdf-base Info: Redefining graphics rule for `.eps' on input line 4
85.
Package grfext Info: Graphics extension search list:
(grfext)             [.pdf,.png,.jpg,.mps,.jpeg,.jbig2,.jb2,.PDF,.PNG,.JPG,.JPE
G,.JBIG2,.JB2,.eps]
(grfext)             \AppendGraphicsExtensions on input line 504.

(D:\latex 2\tex/latex/00miktex\epstopdf-sys.cfg
File: epstopdf-sys.cfg 2021/03/18 v2.0 Configuration of epstopdf for MiKTeX
))
*geometry* driver: auto-detecting
*geometry* detected driver: pdftex
*geometry* verbose mode - [ preamble ] result:
* driver: pdftex
* paper: a4paper
* layout: <same size as paper>
* layoutoffset:(h,v)=(0.0pt,0.0pt)
* modes: includefoot 
* h-part:(L,W,R)=(72.26999pt, 452.9679pt, 72.26999pt)
* v-part:(T,H,B)=(72.26999pt, 736.64186pt, 36.135pt)
* \paperwidth=597.50787pt
* \paperheight=845.04684pt
* \textwidth=452.9679pt
* \textheight=667.24785pt
* \oddsidemargin=0.0pt
* \evensidemargin=0.0pt
* \topmargin=0.0pt
* \headheight=0.0pt
* \headsep=0.0pt
* \topskip=10.0pt
* \footskip=69.39401pt
* \marginparwidth=57.0pt
* \marginparsep=11.0pt
* \columnsep=10.0pt
* \skip\footins=9.0pt plus 4.0pt minus 2.0pt
* \hoffset=0.0pt
* \voffset=0.0pt
* \mag=1000
* \@twocolumnfalse
* \@twosidefalse
* \@mparswitchfalse
* \@reversemarginfalse
* (1in=72.27pt=25.4mm, 1cm=28.453pt)

Package hyperref Info: Link coloring ON on input line 48.
(dokumentacja.out) (dokumentacja.out)
\@outlinefile=\write3
\openout3 = `dokumentacja.out'.

LaTeX Font Info:    Trying to load font information for U+msa on input line 71.

 (D:\latex 2\tex/latex/amsfonts\umsa.fd
File: umsa.fd 2013/01/14 v3.01 AMS symbols A
)
LaTeX Font Info:    Trying to load font information for U+msb on input line 71.


(D:\latex 2\tex/latex/amsfonts\umsb.fd
File: umsb.fd 2013/01/14 v3.01 AMS symbols B
) [1

{C:/Users/nitro_V/AppData/Local/MiKTeX/fonts/map/pdftex/pdftex.map}]
*geometry* verbose mode - [ newgeometry ] result:
* driver: pdftex
* paper: a4paper
* layout: <same size as paper>
* layoutoffset:(h,v)=(0.0pt,0.0pt)
* modes: 
* h-part:(L,W,R)=(56.9055pt, 483.69687pt, 56.9055pt)
* v-part:(T,H,B)=(56.9055pt, 731.23584pt, 56.9055pt)
* \paperwidth=597.50787pt
* \paperheight=845.04684pt
* \textwidth=483.69687pt
* \textheight=731.23584pt
* \oddsidemargin=-15.36449pt
* \evensidemargin=-15.36449pt
* \topmargin=-15.36449pt
* \headheight=0.0pt
* \headsep=0.0pt
* \topskip=10.0pt
* \footskip=69.39401pt
* \marginparwidth=57.0pt
* \marginparsep=11.0pt
* \columnsep=10.0pt
* \skip\footins=9.0pt plus 4.0pt minus 2.0pt
* \hoffset=0.0pt
* \voffset=0.0pt
* \mag=1000
* \@twocolumnfalse
* \@twosidefalse
* \@mparswitchfalse
* \@reversemarginfalse
* (1in=72.27pt=25.4mm, 1cm=28.453pt)


Overfull \hbox (13.6281pt too wide) in paragraph at lines 91--92
[]\T2A/cmr/bx/n/10 Opis i cele symulacji.......................................
............................................................................3 
 []


Overfull \hbox (12.91022pt too wide) in paragraph at lines 93--94
[]\T2A/cmr/m/n/10 Wst[]p.......................................................
...............................................................................
.................3 
 []


Overfull \hbox (12.46588pt too wide) in paragraph at lines 94--95
[]\T2A/cmr/m/n/10 Opis programu symulacji......................................
...............................................................................
.....3 
 []


Overfull \hbox (14.45845pt too wide) in paragraph at lines 96--97
[]\T2A/cmr/bx/n/10 Wyb^^Aor technologii........................................
..............................................................................4
 
 []


Overfull \hbox (15.07635pt too wide) in paragraph at lines 98--99
[]\T2A/cmr/m/n/10 FXML.........................................................
...............................................................................
...............4 
 []


Overfull \hbox (15.07635pt too wide) in paragraph at lines 99--100
[]\T2A/cmr/m/n/10 CSS..........................................................
...............................................................................
..................4 
 []


Overfull \hbox (17.9889pt too wide) in paragraph at lines 101--102
[]\T2A/cmr/bx/n/10 Opis klas oraz ich dzia\OT1/cmr/bx/n/10  l\T2A/cmr/bx/n/10 a
nie i przeznaczenie............................................................
......................5 
 []


Overfull \hbox (16.71484pt too wide) in paragraph at lines 103--104
[]\T2A/cmr/m/n/10 Class Population.............................................
...............................................................................
............5 
 []


Overfull \hbox (17.77014pt too wide) in paragraph at lines 104--105
[]\T2A/cmr/m/n/10 Class Virus..................................................
...............................................................................
................6 
 []


Overfull \hbox (18.29779pt too wide) in paragraph at lines 106--107
[]\T2A/cmr/m/n/10 Class RespiratoryVirus.......................................
.............................................................................6 

 []


Overfull \hbox (18.49219pt too wide) in paragraph at lines 107--108
[]\T2A/cmr/m/n/10 Class FoodborneVirus.........................................
.............................................................................6 

 []


Overfull \hbox (18.60327pt too wide) in paragraph at lines 108--109
[]\T2A/cmr/m/n/10 Class ContactVirus...........................................
...............................................................................
7 
 []


Overfull \hbox (19.35309pt too wide) in paragraph at lines 110--111
[]\T2A/cmr/m/n/10 Class Map....................................................
...............................................................................
................7 
 []


Overfull \hbox (19.13092pt too wide) in paragraph at lines 111--112
[]\T2A/cmr/m/n/10 Class MainController.........................................
...............................................................................
..........7 
 []


Overfull \hbox (19.93628pt too wide) in paragraph at lines 112--113
[]\T2A/cmr/m/n/10 Class StartApplication.......................................
...............................................................................
..........9 
 []


Overfull \hbox (21.65808pt too wide) in paragraph at lines 113--114
[]\T2A/cmr/m/n/10 Class StartController........................................
...............................................................................
............9 
 []


Overfull \hbox (21.99133pt too wide) in paragraph at lines 114--115
[]\T2A/cmr/m/n/10 Class VirusChoiceController..................................
...............................................................................
.......9 
 []


Overfull \hbox (23.10217pt too wide) in paragraph at lines 115--116
[]\T2A/cmr/m/n/10 Class VirusSetupController...................................
...............................................................................
........9 
 []


Overfull \hbox (25.10168pt too wide) in paragraph at lines 116--117
[]\T2A/cmr/m/n/10 Class setupContactVirusController............................
...............................................................................
..10 
 []


Overfull \hbox (24.9906pt too wide) in paragraph at lines 117--118
[]\T2A/cmr/m/n/10 Class setupFoodborneVirusController..........................
...............................................................................
11 
 []


Overfull \hbox (24.7962pt too wide) in paragraph at lines 118--119
[]\T2A/cmr/m/n/10 Class setupRespiratoryVirusController........................
...............................................................................
11 
 []


Overfull \hbox (26.0459pt too wide) in paragraph at lines 119--120
[]\T2A/cmr/m/n/10 Class Country................................................
...............................................................................
...............12 
 []


Overfull \hbox (25.34607pt too wide) in paragraph at lines 121--122
[]\T2A/cmr/bx/n/10 Diagramy klas i obiekt^^Aow.................................
............................................................................14 

 []


Overfull \hbox (30.79474pt too wide) in paragraph at lines 123--124
[]\T2A/cmr/m/n/10 Diagram obiekt^^Aow..........................................
...............................................................................
................14 
 []


Overfull \hbox (19.74188pt too wide) in paragraph at lines 124--125
[]\T2A/cmr/m/n/10 Diagram klas.................................................
...............................................................................
.............15 
 []


pdfTeX warning (ext4): destination with the same identifier (name{page.1}) has 
been already used, duplicate ignored
<to be read again> 
                   \relax 
l.130 \newpage
               [1

] [2] [3] [4] [5] [6] [7]
Overfull \hbox (8.05115pt too wide) in paragraph at lines 906--907
[]\T1/cmr/m/n/10 FXMLLoader.load(getClass().getResource("start_window.fxml")): 
To wy-wo-ªa-nie ªa-duje ukªad in-ter-fejsu u»yt-
 []

[8] [9] [10] [11] [12]
<a0000-img001.jpg, id=93, 1218.5525pt x 821.0675pt>
File: a0000-img001.jpg Graphic file (type jpg)
<use a0000-img001.jpg>
Package pdftex.def Info: a0000-img001.jpg  used on input line 1493.
(pdftex.def)             Requested size: 477.68791pt x 509.49509pt.

Overfull \hbox (8.99104pt too wide) in paragraph at lines 1493--1494
[][] 
 []

[13 <./a0000-img001.jpg>]
<a0000-img002.png, id=98, 466.1415pt x 603.4545pt>
File: a0000-img002.png Graphic file (type png)
<use a0000-img002.png>
Package pdftex.def Info: a0000-img002.png  used on input line 1527.
(pdftex.def)             Requested size: 466.0052pt x 603.3241pt.
 [14

 <./a0000-img002.png>] (dokumentacja.aux)
 ***********
LaTeX2e <2023-11-01> patch level 1
L3 programming layer <2024-01-04>
 ***********
Package rerunfilecheck Info: File `dokumentacja.out' has not changed.
(rerunfilecheck)             Checksum: D41D8CD98F00B204E9800998ECF8427E;0.
 ) 
Here is how much of TeX's memory you used:
 16597 strings out of 474485
 296032 string characters out of 5759640
 1937542 words of memory out of 5000000
 38622 multiletter control sequences out of 15000+600000
 571295 words of font info for 59 fonts, out of 8000000 for 9000
 1141 hyphenation exceptions out of 8191
 75i,11n,79p,513b,543s stack positions out of 10000i,1000n,20000p,200000b,200000s
 <C:\Users\nitro_V\AppData\Local\MiKTeX\fonts/pk/ljfour/jknappen/ec/dpi600\ec
rm1000.pk> <C:\Users\nitro_V\AppData\Local\MiKTeX\fonts/pk/ljfour/jknappen/ec/d
pi600\ecbx1000.pk> <C:\Users\nitro_V\AppData\Local\MiKTeX\fonts/pk/ljfour/lh/lh
-t2a/dpi600\labx1000.pk> <C:\Users\nitro_V\AppData\Local\MiKTeX\fonts/pk/ljfour
/lh/lh-t2a/dpi600\larm1000.pk> <C:\Users\nitro_V\AppData\Local\MiKTeX\fonts/pk/
ljfour/lh/lh-t2a/dpi600\labx1440.pk> <C:\Users\nitro_V\AppData\Local\MiKTeX\fon
ts/pk/ljfour/lh/lh-t2a/dpi600\larm1200.pk> <C:\Users\nitro_V\AppData\Local\MiKT
eX\fonts/pk/ljfour/lh/lh-t2a/dpi600\lati1200.pk> <C:\Users\nitro_V\AppData\Loca
l\MiKTeX\fonts/pk/ljfour/lh/lh-t2a/dpi600\labx2074.pk> <C:\Users\nitro_V\AppDat
a\Local\MiKTeX\fonts/pk/ljfour/lh/lh-t2a/dpi600\lacc1200.pk> <C:\Users\nitro_V\
AppData\Local\MiKTeX\fonts/pk/ljfour/lh/lh-t2a/dpi600\laxc1440.pk><D:/latex 2/f
onts/type1/public/amsfonts/cm/cmbx10.pfb>
Output written on dokumentacja.pdf (15 pages, 691504 bytes).
PDF statistics:
 455 PDF objects out of 1000 (max. 8388607)
 40 named destinations out of 1000 (max. 500000)
 11 words of extra memory for PDF output out of 10000 (max. 10000000)

